13:36:33.505 [main] INFO  testCase.TC_001_AccountRegistationTest - ********Staring TC_001_AccountRegistationTest***********
13:36:33.572 [main] INFO  testCase.TC_001_AccountRegistationTest - click on My account link
13:36:34.792 [main] INFO  testCase.TC_001_AccountRegistationTest - click on My Registation link
13:36:34.794 [main] INFO  testCase.TC_001_AccountRegistationTest - Providing Customer Data
13:36:35.137 [main] INFO  testCase.TC_001_AccountRegistationTest - Clicked on continue
13:36:35.164 [main] INFO  testCase.TC_001_AccountRegistationTest - Validating expected message
13:38:09.609 [main] INFO  testCase.TC_001_AccountRegistationTest - ********Staring TC_001_AccountRegistationTest***********
13:38:09.676 [main] INFO  testCase.TC_001_AccountRegistationTest - click on My account link
13:38:10.642 [main] INFO  testCase.TC_001_AccountRegistationTest - click on My Registation link
13:38:10.643 [main] INFO  testCase.TC_001_AccountRegistationTest - Providing Customer Data
13:38:10.973 [main] INFO  testCase.TC_001_AccountRegistationTest - Clicked on continue
13:38:10.999 [main] INFO  testCase.TC_001_AccountRegistationTest - Validating expected message
13:38:11.001 [main] INFO  testCase.TC_001_AccountRegistationTest - ********Fineshed TC_001_AccountRegistationTest***********
13:39:40.770 [main] DEBUG io.netty.util.internal.logging.InternalLoggerFactory - Using Log4J2 as the default logging framework
13:39:40.776 [main] DEBUG io.netty.util.ResourceLeakDetector - -Dio.netty.leakDetection.level: simple
13:39:40.776 [main] DEBUG io.netty.util.ResourceLeakDetector - -Dio.netty.leakDetection.targetRecords: 4
13:39:40.780 [main] DEBUG io.netty.util.ResourceLeakDetectorFactory - Loaded default ResourceLeakDetector: io.netty.util.ResourceLeakDetector@4940809c
13:39:40.791 [main] DEBUG io.netty.util.internal.PlatformDependent0 - -Dio.netty.noUnsafe: false
13:39:40.791 [main] DEBUG io.netty.util.internal.PlatformDependent0 - Java version: 17
13:39:40.792 [main] DEBUG io.netty.util.internal.PlatformDependent0 - sun.misc.Unsafe.theUnsafe: available
13:39:40.793 [main] DEBUG io.netty.util.internal.PlatformDependent0 - sun.misc.Unsafe.copyMemory: available
13:39:40.793 [main] DEBUG io.netty.util.internal.PlatformDependent0 - sun.misc.Unsafe.storeFence: available
13:39:40.794 [main] DEBUG io.netty.util.internal.PlatformDependent0 - java.nio.Buffer.address: available
13:39:40.794 [main] DEBUG io.netty.util.internal.PlatformDependent0 - direct buffer constructor: unavailable: Reflective setAccessible(true) disabled
13:39:40.795 [main] DEBUG io.netty.util.internal.PlatformDependent0 - java.nio.Bits.unaligned: available, true
13:39:40.796 [main] DEBUG io.netty.util.internal.PlatformDependent0 - jdk.internal.misc.Unsafe.allocateUninitializedArray(int): unavailable: class io.netty.util.internal.PlatformDependent0$7 cannot access class jdk.internal.misc.Unsafe (in module java.base) because module java.base does not export jdk.internal.misc to unnamed module @2ba867a6
13:39:40.797 [main] DEBUG io.netty.util.internal.PlatformDependent0 - java.nio.DirectByteBuffer.<init>(long, {int,long}): unavailable
13:39:40.797 [main] DEBUG io.netty.util.internal.PlatformDependent - sun.misc.Unsafe: available
13:39:40.797 [main] DEBUG io.netty.util.internal.PlatformDependent - maxDirectMemory: 8338276352 bytes (maybe)
13:39:40.798 [main] DEBUG io.netty.util.internal.PlatformDependent - -Dio.netty.tmpdir: /tmp (java.io.tmpdir)
13:39:40.798 [main] DEBUG io.netty.util.internal.PlatformDependent - -Dio.netty.bitMode: 64 (sun.arch.data.model)
13:39:40.799 [main] DEBUG io.netty.util.internal.PlatformDependent - -Dio.netty.maxDirectMemory: -1 bytes
13:39:40.799 [main] DEBUG io.netty.util.internal.PlatformDependent - -Dio.netty.uninitializedArrayAllocationThreshold: -1
13:39:40.800 [main] DEBUG io.netty.util.internal.CleanerJava9 - java.nio.ByteBuffer.cleaner(): available
13:39:40.800 [main] DEBUG io.netty.util.internal.PlatformDependent - -Dio.netty.noPreferDirect: false
13:39:40.807 [main] DEBUG io.netty.util.internal.PlatformDependent - org.jctools-core.MpscChunkedArrayQueue: available
13:39:40.820 [main] DEBUG io.netty.util.internal.InternalThreadLocalMap - -Dio.netty.threadLocalMap.stringBuilder.initialSize: 1024
13:39:40.820 [main] DEBUG io.netty.util.internal.InternalThreadLocalMap - -Dio.netty.threadLocalMap.stringBuilder.maxSize: 4096
13:39:40.930 [main] DEBUG io.netty.handler.ssl.JdkSslContext - Default protocols (JDK): [TLSv1.3, TLSv1.2] 
13:39:40.931 [main] DEBUG io.netty.handler.ssl.JdkSslContext - Default cipher suites (JDK): [TLS_ECDHE_ECDSA_WITH_AES_256_GCM_SHA384, TLS_ECDHE_ECDSA_WITH_AES_128_GCM_SHA256, TLS_ECDHE_RSA_WITH_AES_128_GCM_SHA256, TLS_ECDHE_RSA_WITH_AES_256_GCM_SHA384, TLS_ECDHE_RSA_WITH_AES_128_CBC_SHA, TLS_ECDHE_RSA_WITH_AES_256_CBC_SHA, TLS_RSA_WITH_AES_128_GCM_SHA256, TLS_RSA_WITH_AES_128_CBC_SHA, TLS_RSA_WITH_AES_256_CBC_SHA, TLS_AES_128_GCM_SHA256, TLS_AES_256_GCM_SHA384]
13:39:40.939 [main] DEBUG io.netty.util.concurrent.GlobalEventExecutor - -Dio.netty.globalEventExecutor.quietPeriodSeconds: 1
13:39:40.947 [main] DEBUG io.netty.channel.MultithreadEventLoopGroup - -Dio.netty.eventLoopThreads: 16
13:39:40.959 [main] DEBUG io.netty.channel.nio.NioEventLoop - -Dio.netty.noKeySetOptimization: false
13:39:40.959 [main] DEBUG io.netty.channel.nio.NioEventLoop - -Dio.netty.selectorAutoRebuildThreshold: 512
13:39:40.976 [main] DEBUG io.netty.buffer.PooledByteBufAllocator - -Dio.netty.allocator.numHeapArenas: 16
13:39:40.976 [main] DEBUG io.netty.buffer.PooledByteBufAllocator - -Dio.netty.allocator.numDirectArenas: 16
13:39:40.976 [main] DEBUG io.netty.buffer.PooledByteBufAllocator - -Dio.netty.allocator.pageSize: 8192
13:39:40.976 [main] DEBUG io.netty.buffer.PooledByteBufAllocator - -Dio.netty.allocator.maxOrder: 9
13:39:40.976 [main] DEBUG io.netty.buffer.PooledByteBufAllocator - -Dio.netty.allocator.chunkSize: 4194304
13:39:40.976 [main] DEBUG io.netty.buffer.PooledByteBufAllocator - -Dio.netty.allocator.smallCacheSize: 256
13:39:40.976 [main] DEBUG io.netty.buffer.PooledByteBufAllocator - -Dio.netty.allocator.normalCacheSize: 64
13:39:40.977 [main] DEBUG io.netty.buffer.PooledByteBufAllocator - -Dio.netty.allocator.maxCachedBufferCapacity: 32768
13:39:40.977 [main] DEBUG io.netty.buffer.PooledByteBufAllocator - -Dio.netty.allocator.cacheTrimInterval: 8192
13:39:40.977 [main] DEBUG io.netty.buffer.PooledByteBufAllocator - -Dio.netty.allocator.cacheTrimIntervalMillis: 0
13:39:40.977 [main] DEBUG io.netty.buffer.PooledByteBufAllocator - -Dio.netty.allocator.useCacheForAllThreads: false
13:39:40.977 [main] DEBUG io.netty.buffer.PooledByteBufAllocator - -Dio.netty.allocator.maxCachedByteBuffersPerChunk: 1023
13:39:40.985 [main] DEBUG io.netty.buffer.ByteBufUtil - -Dio.netty.allocator.type: pooled
13:39:40.985 [main] DEBUG io.netty.buffer.ByteBufUtil - -Dio.netty.threadLocalDirectBufferSize: 0
13:39:40.985 [main] DEBUG io.netty.buffer.ByteBufUtil - -Dio.netty.maxThreadLocalCharBufferSize: 16384
13:39:41.161 [Forwarding newSession on session null to remote] DEBUG io.netty.channel.DefaultChannelId - -Dio.netty.processId: 65759 (auto-detected)
13:39:41.163 [Forwarding newSession on session null to remote] DEBUG io.netty.util.NetUtil - -Djava.net.preferIPv4Stack: false
13:39:41.163 [Forwarding newSession on session null to remote] DEBUG io.netty.util.NetUtil - -Djava.net.preferIPv6Addresses: false
13:39:41.164 [Forwarding newSession on session null to remote] DEBUG io.netty.util.NetUtilInitializations - Loopback interface: lo (lo, 0:0:0:0:0:0:0:1%lo)
13:39:41.165 [Forwarding newSession on session null to remote] DEBUG io.netty.util.NetUtil - /proc/sys/net/core/somaxconn: 4096
13:39:41.166 [Forwarding newSession on session null to remote] DEBUG io.netty.channel.DefaultChannelId - -Dio.netty.machineId: 00:93:37:ff:fe:b6:83:7a (auto-detected)
13:39:41.193 [AsyncHttpClient-1-2] DEBUG io.netty.buffer.AbstractByteBuf - -Dio.netty.buffer.checkAccessible: true
13:39:41.194 [AsyncHttpClient-1-2] DEBUG io.netty.buffer.AbstractByteBuf - -Dio.netty.buffer.checkBounds: true
13:39:41.194 [AsyncHttpClient-1-2] DEBUG io.netty.util.ResourceLeakDetectorFactory - Loaded default ResourceLeakDetector: io.netty.util.ResourceLeakDetector@63bde6f9
13:39:41.209 [AsyncHttpClient-1-2] DEBUG io.netty.util.Recycler - -Dio.netty.recycler.maxCapacityPerThread: 4096
13:39:41.209 [AsyncHttpClient-1-2] DEBUG io.netty.util.Recycler - -Dio.netty.recycler.ratio: 8
13:39:41.210 [AsyncHttpClient-1-2] DEBUG io.netty.util.Recycler - -Dio.netty.recycler.chunkSize: 32
13:39:41.210 [AsyncHttpClient-1-2] DEBUG io.netty.util.Recycler - -Dio.netty.recycler.blocking: false
13:39:41.210 [AsyncHttpClient-1-2] DEBUG io.netty.util.Recycler - -Dio.netty.recycler.batchFastThreadLocalOnly: true
13:39:41.676 [AsyncHttpClient-1-2] DEBUG io.netty.handler.codec.compression.Brotli - brotli4j not in the classpath; Brotli support will be unavailable.
13:39:41.758 [main] DEBUG io.netty.util.internal.ThreadLocalRandom - -Dio.netty.initialSeedUniquifier: 0x8e4f637b4d6adb06
13:39:43.370 [main] DEBUG testCase.TC_001_AccountRegistationTest - applications logs.....
13:39:43.370 [main] INFO  testCase.TC_001_AccountRegistationTest - ********Staring TC_001_AccountRegistationTest***********
13:39:43.439 [main] INFO  testCase.TC_001_AccountRegistationTest - click on My account link
13:39:44.246 [main] INFO  testCase.TC_001_AccountRegistationTest - click on My Registation link
13:39:44.248 [main] INFO  testCase.TC_001_AccountRegistationTest - Providing Customer Data
13:39:44.589 [main] INFO  testCase.TC_001_AccountRegistationTest - Clicked on continue
13:39:44.615 [main] INFO  testCase.TC_001_AccountRegistationTest - Validating expected message
13:39:44.617 [main] INFO  testCase.TC_001_AccountRegistationTest - ********Fineshed TC_001_AccountRegistationTest***********
13:50:44.344 [main] INFO  testCase.TC_001_AccountRegistationTest - ********Staring TC_001_AccountRegistationTest***********
13:50:44.414 [main] INFO  testCase.TC_001_AccountRegistationTest - click on My account link
13:50:45.045 [main] INFO  testCase.TC_001_AccountRegistationTest - click on My Registation link
13:50:45.047 [main] INFO  testCase.TC_001_AccountRegistationTest - Providing Customer Data
13:50:45.387 [main] INFO  testCase.TC_001_AccountRegistationTest - Clicked on continue
13:50:45.412 [main] INFO  testCase.TC_001_AccountRegistationTest - Validating expected message
13:50:45.413 [main] INFO  testCase.TC_001_AccountRegistationTest - ********Fineshed TC_001_AccountRegistationTest***********
13:56:45.165 [main] INFO  testCase.TC_001_AccountRegistationTest - ********Staring TC_001_AccountRegistationTest***********
13:56:45.316 [main] INFO  testCase.TC_001_AccountRegistationTest - click on My account link
13:56:45.909 [main] INFO  testCase.TC_001_AccountRegistationTest - click on My Registation link
13:56:45.910 [main] INFO  testCase.TC_001_AccountRegistationTest - Providing Customer Data
13:56:46.264 [main] INFO  testCase.TC_001_AccountRegistationTest - Clicked on continue
13:56:46.290 [main] INFO  testCase.TC_001_AccountRegistationTest - Validating expected message
14:47:26.437 [main] INFO  testCase.TC_001_AccountRegistationTest - ********Staring TC_001_AccountRegistationTest***********
14:47:26.513 [main] INFO  testCase.TC_001_AccountRegistationTest - click on My account link
14:47:27.242 [main] INFO  testCase.TC_001_AccountRegistationTest - click on My Registation link
14:47:27.243 [main] INFO  testCase.TC_001_AccountRegistationTest - Providing Customer Data
14:47:27.578 [main] INFO  testCase.TC_001_AccountRegistationTest - Clicked on continue
14:47:27.603 [main] INFO  testCase.TC_001_AccountRegistationTest - Validating expected message
14:55:43.112 [main] INFO  testCase.TC_001_AccountRegistationTest - ********Staring TC_001_AccountRegistationTest***********
14:55:43.180 [main] INFO  testCase.TC_001_AccountRegistationTest - click on My account link
14:55:44.120 [main] INFO  testCase.TC_001_AccountRegistationTest - click on My Registation link
14:55:44.122 [main] INFO  testCase.TC_001_AccountRegistationTest - Providing Customer Data
14:55:44.460 [main] INFO  testCase.TC_001_AccountRegistationTest - Clicked on continue
14:55:44.484 [main] INFO  testCase.TC_001_AccountRegistationTest - Validating expected message
14:56:39.556 [main] INFO  testCase.TC_001_AccountRegistationTest - ********Staring TC_001_AccountRegistationTest***********
14:56:39.624 [main] INFO  testCase.TC_001_AccountRegistationTest - click on My account link
14:56:40.456 [main] INFO  testCase.TC_001_AccountRegistationTest - click on My Registation link
14:56:40.458 [main] INFO  testCase.TC_001_AccountRegistationTest - Providing Customer Data
14:56:40.792 [main] INFO  testCase.TC_001_AccountRegistationTest - Clicked on continue
14:56:40.817 [main] INFO  testCase.TC_001_AccountRegistationTest - Validating expected message
14:57:15.019 [main] INFO  testCase.TC_001_AccountRegistationTest - ********Staring TC_001_AccountRegistationTest***********
14:57:15.082 [main] INFO  testCase.TC_001_AccountRegistationTest - click on My account link
14:57:15.681 [main] INFO  testCase.TC_001_AccountRegistationTest - click on My Registation link
14:57:15.683 [main] INFO  testCase.TC_001_AccountRegistationTest - Providing Customer Data
14:57:16.029 [main] INFO  testCase.TC_001_AccountRegistationTest - Clicked on continue
14:57:16.056 [main] INFO  testCase.TC_001_AccountRegistationTest - Validating expected message
14:57:16.057 [main] INFO  testCase.TC_001_AccountRegistationTest - ********Fineshed TC_001_AccountRegistationTest***********
14:58:16.348 [main] INFO  testCase.TC_001_AccountRegistationTest - ********Staring TC_001_AccountRegistationTest***********
14:58:16.418 [main] INFO  testCase.TC_001_AccountRegistationTest - click on My account link
14:58:17.167 [main] INFO  testCase.TC_001_AccountRegistationTest - click on My Registation link
14:58:17.168 [main] INFO  testCase.TC_001_AccountRegistationTest - Providing Customer Data
14:58:17.511 [main] INFO  testCase.TC_001_AccountRegistationTest - Clicked on continue
14:58:17.536 [main] INFO  testCase.TC_001_AccountRegistationTest - Validating expected message
14:58:17.536 [main] INFO  testCase.TC_001_AccountRegistationTest - ********Fineshed TC_001_AccountRegistationTest***********
15:20:58.607 [main] INFO  testCase.TC_001_AccountRegistationTest - ********Staring TC_001_AccountRegistationTest***********
15:20:58.680 [main] INFO  testCase.TC_001_AccountRegistationTest - click on My account link
15:20:59.569 [main] INFO  testCase.TC_001_AccountRegistationTest - click on My Registation link
15:20:59.571 [main] INFO  testCase.TC_001_AccountRegistationTest - Providing Customer Data
15:20:59.901 [main] INFO  testCase.TC_001_AccountRegistationTest - Clicked on continue
15:20:59.924 [main] INFO  testCase.TC_001_AccountRegistationTest - Validating expected message
15:20:59.924 [main] INFO  testCase.TC_001_AccountRegistationTest - ********Fineshed TC_001_AccountRegistationTest***********
19:00:12.021 [main] INFO  testCase.TC_001_AccountRegistationTest - ********Staring TC_001_AccountRegistationTest***********
19:00:12.066 [main] INFO  testCase.TC_001_AccountRegistationTest - click on My account link
19:00:14.212 [main] INFO  testCase.TC_001_AccountRegistationTest - click on My Registation link
19:00:14.214 [main] INFO  testCase.TC_001_AccountRegistationTest - Providing Customer Data
19:00:14.430 [main] INFO  testCase.TC_001_AccountRegistationTest - Clicked on continue
19:00:14.448 [main] INFO  testCase.TC_001_AccountRegistationTest - Validating expected message
19:00:14.448 [main] INFO  testCase.TC_001_AccountRegistationTest - ********Fineshed TC_001_AccountRegistationTest***********
19:18:50.726 [main] INFO  testCase.TC_001_AccountRegistationTest - ********Staring TC_001_AccountRegistationTest***********
19:18:50.797 [main] INFO  testCase.TC_001_AccountRegistationTest - click on My account link
19:18:52.296 [main] INFO  testCase.TC_001_AccountRegistationTest - click on My Registation link
19:18:52.298 [main] INFO  testCase.TC_001_AccountRegistationTest - Providing Customer Data
19:18:52.633 [main] INFO  testCase.TC_001_AccountRegistationTest - Clicked on continue
19:18:52.660 [main] INFO  testCase.TC_001_AccountRegistationTest - Validating expected message
19:18:52.660 [main] INFO  testCase.TC_001_AccountRegistationTest - ********Fineshed TC_001_AccountRegistationTest***********
20:12:49.066 [main] INFO  testCase.TC_001_AccountRegistationTest - ********Staring TC_001_AccountRegistationTest***********
20:12:49.187 [main] INFO  testCase.TC_001_AccountRegistationTest - click on My account link
20:12:50.107 [main] INFO  testCase.TC_001_AccountRegistationTest - click on My Registation link
20:12:50.109 [main] INFO  testCase.TC_001_AccountRegistationTest - Providing Customer Data
20:12:50.432 [main] INFO  testCase.TC_001_AccountRegistationTest - Clicked on continue
20:12:50.456 [main] INFO  testCase.TC_001_AccountRegistationTest - Validating expected message
20:12:50.456 [main] INFO  testCase.TC_001_AccountRegistationTest - ********Fineshed TC_001_AccountRegistationTest***********
20:18:00.499 [main] INFO  testCase.TC_001_AccountRegistationTest - ********Staring TC_001_AccountRegistationTest***********
20:18:00.568 [main] INFO  testCase.TC_001_AccountRegistationTest - click on My account link
20:18:01.836 [main] INFO  testCase.TC_001_AccountRegistationTest - click on My Registation link
20:18:01.837 [main] INFO  testCase.TC_001_AccountRegistationTest - Providing Customer Data
20:18:02.169 [main] INFO  testCase.TC_001_AccountRegistationTest - Clicked on continue
20:18:02.193 [main] INFO  testCase.TC_001_AccountRegistationTest - Validating expected message
20:18:02.193 [main] INFO  testCase.TC_001_AccountRegistationTest - ********Fineshed TC_001_AccountRegistationTest***********
20:19:07.122 [main] INFO  testCase.TC_001_AccountRegistationTest - ********Staring TC_001_AccountRegistationTest***********
20:19:07.190 [main] INFO  testCase.TC_001_AccountRegistationTest - click on My account link
20:19:08.442 [main] INFO  testCase.TC_001_AccountRegistationTest - click on My Registation link
20:19:08.443 [main] INFO  testCase.TC_001_AccountRegistationTest - Providing Customer Data
20:19:08.764 [main] INFO  testCase.TC_001_AccountRegistationTest - Clicked on continue
20:19:08.788 [main] INFO  testCase.TC_001_AccountRegistationTest - Validating expected message
20:19:08.789 [main] INFO  testCase.TC_001_AccountRegistationTest - ********Fineshed TC_001_AccountRegistationTest***********
20:19:43.089 [main] INFO  testCase.TC_001_AccountRegistationTest - ********Staring TC_001_AccountRegistationTest***********
20:19:43.153 [main] INFO  testCase.TC_001_AccountRegistationTest - click on My account link
20:19:44.203 [main] INFO  testCase.TC_001_AccountRegistationTest - click on My Registation link
20:19:44.205 [main] INFO  testCase.TC_001_AccountRegistationTest - Providing Customer Data
20:19:44.523 [main] INFO  testCase.TC_001_AccountRegistationTest - Clicked on continue
20:19:44.546 [main] INFO  testCase.TC_001_AccountRegistationTest - Validating expected message
20:49:22.398 [main] INFO  testCase.TC_002_LoginTest - ********Staring TC_002_LoginTestTest***********
20:49:22.468 [main] INFO  testCase.TC_002_LoginTest - clicked on my account
20:49:23.282 [main] INFO  testCase.TC_002_LoginTest - Provide Login Detials
20:49:23.462 [main] INFO  testCase.TC_002_LoginTest - Click on Login Button
20:50:02.904 [main] INFO  testCase.TC_002_LoginTest - ********Staring TC_002_LoginTestTest***********
20:50:02.974 [main] INFO  testCase.TC_002_LoginTest - clicked on my account
20:50:03.824 [main] INFO  testCase.TC_002_LoginTest - Provide Login Detials
20:50:04.008 [main] INFO  testCase.TC_002_LoginTest - Click on Login Button
21:03:34.074 [main] INFO  testCase.TC_002_LoginTest - ********Staring TC_002_LoginTestTest***********
21:03:34.160 [main] INFO  testCase.TC_002_LoginTest - clicked on my account
21:03:34.878 [main] INFO  testCase.TC_002_LoginTest - Provide Login Detials
21:03:35.079 [main] INFO  testCase.TC_002_LoginTest - Click on Login Button
22:00:39.758 [main] INFO  testCase.TC_003_LoginDDT - *******Starting TC_003_LoginDDT**************
22:00:39.816 [main] INFO  testCase.TC_003_LoginDDT - clicked on my account
22:00:40.448 [main] INFO  testCase.TC_003_LoginDDT - Provide Login Detials
22:00:40.564 [main] INFO  testCase.TC_003_LoginDDT - Click on Login Button
22:00:50.619 [main] INFO  testCase.TC_003_LoginDDT - ********Finesh TC_003_LoginDDT***********
22:00:50.626 [main] INFO  testCase.TC_003_LoginDDT - *******Starting TC_003_LoginDDT**************
22:00:50.648 [main] INFO  testCase.TC_003_LoginDDT - clicked on my account
22:00:51.235 [main] INFO  testCase.TC_003_LoginDDT - Provide Login Detials
22:00:51.314 [main] INFO  testCase.TC_003_LoginDDT - Click on Login Button
22:01:01.329 [main] INFO  testCase.TC_003_LoginDDT - ********Finesh TC_003_LoginDDT***********
22:01:01.332 [main] INFO  testCase.TC_003_LoginDDT - *******Starting TC_003_LoginDDT**************
22:01:01.360 [main] INFO  testCase.TC_003_LoginDDT - clicked on my account
22:01:02.060 [main] INFO  testCase.TC_003_LoginDDT - Provide Login Detials
22:01:02.147 [main] INFO  testCase.TC_003_LoginDDT - Click on Login Button
22:01:12.199 [main] INFO  testCase.TC_003_LoginDDT - ********Finesh TC_003_LoginDDT***********
22:01:12.203 [main] INFO  testCase.TC_003_LoginDDT - *******Starting TC_003_LoginDDT**************
22:01:12.236 [main] INFO  testCase.TC_003_LoginDDT - clicked on my account
22:01:12.903 [main] INFO  testCase.TC_003_LoginDDT - Provide Login Detials
22:01:12.997 [main] INFO  testCase.TC_003_LoginDDT - Click on Login Button
22:01:23.068 [main] INFO  testCase.TC_003_LoginDDT - ********Finesh TC_003_LoginDDT***********
22:01:23.072 [main] INFO  testCase.TC_003_LoginDDT - *******Starting TC_003_LoginDDT**************
22:01:23.100 [main] INFO  testCase.TC_003_LoginDDT - clicked on my account
22:01:23.866 [main] INFO  testCase.TC_003_LoginDDT - Provide Login Detials
22:01:23.953 [main] INFO  testCase.TC_003_LoginDDT - Click on Login Button
22:01:33.966 [main] INFO  testCase.TC_003_LoginDDT - ********Finesh TC_003_LoginDDT***********
23:14:52.778 [main] INFO  testCase.TC_001_AccountRegistationTest - ********Staring TC_001_AccountRegistationTest***********
23:14:52.846 [main] INFO  testCase.TC_001_AccountRegistationTest - click on My account link
23:14:53.652 [main] INFO  testCase.TC_001_AccountRegistationTest - click on My Registation link
23:14:53.653 [main] INFO  testCase.TC_001_AccountRegistationTest - Providing Customer Data
23:14:54.010 [main] INFO  testCase.TC_001_AccountRegistationTest - Clicked on continue
23:14:54.034 [main] INFO  testCase.TC_001_AccountRegistationTest - Validating expected message
08:03:17.259 [main] INFO  testCase.TC_001_AccountRegistationTest - ********Staring TC_001_AccountRegistationTest***********
08:03:17.304 [main] INFO  testCase.TC_001_AccountRegistationTest - click on My account link
08:03:17.890 [main] INFO  testCase.TC_001_AccountRegistationTest - click on My Registation link
08:03:17.891 [main] INFO  testCase.TC_001_AccountRegistationTest - Providing Customer Data
08:03:18.101 [main] INFO  testCase.TC_001_AccountRegistationTest - Clicked on continue
08:03:18.118 [main] INFO  testCase.TC_001_AccountRegistationTest - Validating expected message
08:03:19.941 [main] INFO  testCase.TC_002_LoginTest - ********Staring TC_002_LoginTestTest***********
08:03:19.979 [main] INFO  testCase.TC_002_LoginTest - clicked on my account
08:03:20.434 [main] INFO  testCase.TC_002_LoginTest - Provide Login Detials
08:03:20.547 [main] INFO  testCase.TC_002_LoginTest - Click on Login Button
08:04:43.256 [main] INFO  testCase.TC_001_AccountRegistationTest - ********Staring TC_001_AccountRegistationTest***********
08:04:43.304 [main] INFO  testCase.TC_001_AccountRegistationTest - click on My account link
08:04:44.161 [main] INFO  testCase.TC_001_AccountRegistationTest - click on My Registation link
08:04:44.162 [main] INFO  testCase.TC_001_AccountRegistationTest - Providing Customer Data
08:04:44.374 [main] INFO  testCase.TC_001_AccountRegistationTest - Clicked on continue
08:04:44.392 [main] INFO  testCase.TC_001_AccountRegistationTest - Validating expected message
08:04:44.393 [main] INFO  testCase.TC_001_AccountRegistationTest - ********Fineshed TC_001_AccountRegistationTest***********
08:04:47.434 [main] INFO  testCase.TC_002_LoginTest - ********Staring TC_002_LoginTestTest***********
08:04:47.484 [main] INFO  testCase.TC_002_LoginTest - clicked on my account
08:04:47.835 [main] INFO  testCase.TC_002_LoginTest - Provide Login Detials
08:04:47.954 [main] INFO  testCase.TC_002_LoginTest - Click on Login Button
08:34:51.714 [main] DEBUG io.netty.util.internal.logging.InternalLoggerFactory - Using Log4J2 as the default logging framework
08:34:51.720 [main] DEBUG io.netty.util.ResourceLeakDetector - -Dio.netty.leakDetection.level: simple
08:34:51.720 [main] DEBUG io.netty.util.ResourceLeakDetector - -Dio.netty.leakDetection.targetRecords: 4
08:34:51.723 [main] DEBUG io.netty.util.ResourceLeakDetectorFactory - Loaded default ResourceLeakDetector: io.netty.util.ResourceLeakDetector@48e7b3d2
08:34:51.735 [main] DEBUG io.netty.util.internal.PlatformDependent0 - -Dio.netty.noUnsafe: false
08:34:51.735 [main] DEBUG io.netty.util.internal.PlatformDependent0 - Java version: 17
08:34:51.736 [main] DEBUG io.netty.util.internal.PlatformDependent0 - sun.misc.Unsafe.theUnsafe: available
08:34:51.736 [main] DEBUG io.netty.util.internal.PlatformDependent0 - sun.misc.Unsafe.copyMemory: available
08:34:51.736 [main] DEBUG io.netty.util.internal.PlatformDependent0 - sun.misc.Unsafe.storeFence: available
08:34:51.736 [main] DEBUG io.netty.util.internal.PlatformDependent0 - java.nio.Buffer.address: available
08:34:51.737 [main] DEBUG io.netty.util.internal.PlatformDependent0 - direct buffer constructor: unavailable: Reflective setAccessible(true) disabled
08:34:51.737 [main] DEBUG io.netty.util.internal.PlatformDependent0 - java.nio.Bits.unaligned: available, true
08:34:51.738 [main] DEBUG io.netty.util.internal.PlatformDependent0 - jdk.internal.misc.Unsafe.allocateUninitializedArray(int): unavailable: class io.netty.util.internal.PlatformDependent0$7 cannot access class jdk.internal.misc.Unsafe (in module java.base) because module java.base does not export jdk.internal.misc to unnamed module @2ba867a6
08:34:51.739 [main] DEBUG io.netty.util.internal.PlatformDependent0 - java.nio.DirectByteBuffer.<init>(long, {int,long}): unavailable
08:34:51.739 [main] DEBUG io.netty.util.internal.PlatformDependent - sun.misc.Unsafe: available
08:34:51.739 [main] DEBUG io.netty.util.internal.PlatformDependent - maxDirectMemory: 8338276352 bytes (maybe)
08:34:51.739 [main] DEBUG io.netty.util.internal.PlatformDependent - -Dio.netty.tmpdir: /tmp (java.io.tmpdir)
08:34:51.739 [main] DEBUG io.netty.util.internal.PlatformDependent - -Dio.netty.bitMode: 64 (sun.arch.data.model)
08:34:51.740 [main] DEBUG io.netty.util.internal.PlatformDependent - -Dio.netty.maxDirectMemory: -1 bytes
08:34:51.740 [main] DEBUG io.netty.util.internal.PlatformDependent - -Dio.netty.uninitializedArrayAllocationThreshold: -1
08:34:51.740 [main] DEBUG io.netty.util.internal.CleanerJava9 - java.nio.ByteBuffer.cleaner(): available
08:34:51.740 [main] DEBUG io.netty.util.internal.PlatformDependent - -Dio.netty.noPreferDirect: false
08:34:51.744 [main] DEBUG io.netty.util.internal.PlatformDependent - org.jctools-core.MpscChunkedArrayQueue: available
08:34:51.755 [main] DEBUG io.netty.util.internal.InternalThreadLocalMap - -Dio.netty.threadLocalMap.stringBuilder.initialSize: 1024
08:34:51.755 [main] DEBUG io.netty.util.internal.InternalThreadLocalMap - -Dio.netty.threadLocalMap.stringBuilder.maxSize: 4096
08:34:51.886 [main] DEBUG io.netty.handler.ssl.JdkSslContext - Default protocols (JDK): [TLSv1.3, TLSv1.2] 
08:34:51.887 [main] DEBUG io.netty.handler.ssl.JdkSslContext - Default cipher suites (JDK): [TLS_ECDHE_ECDSA_WITH_AES_256_GCM_SHA384, TLS_ECDHE_ECDSA_WITH_AES_128_GCM_SHA256, TLS_ECDHE_RSA_WITH_AES_128_GCM_SHA256, TLS_ECDHE_RSA_WITH_AES_256_GCM_SHA384, TLS_ECDHE_RSA_WITH_AES_128_CBC_SHA, TLS_ECDHE_RSA_WITH_AES_256_CBC_SHA, TLS_RSA_WITH_AES_128_GCM_SHA256, TLS_RSA_WITH_AES_128_CBC_SHA, TLS_RSA_WITH_AES_256_CBC_SHA, TLS_AES_128_GCM_SHA256, TLS_AES_256_GCM_SHA384]
08:34:51.894 [main] DEBUG io.netty.util.concurrent.GlobalEventExecutor - -Dio.netty.globalEventExecutor.quietPeriodSeconds: 1
08:34:51.902 [main] DEBUG io.netty.channel.MultithreadEventLoopGroup - -Dio.netty.eventLoopThreads: 16
08:34:51.907 [main] DEBUG io.netty.channel.nio.NioEventLoop - -Dio.netty.noKeySetOptimization: false
08:34:51.907 [main] DEBUG io.netty.channel.nio.NioEventLoop - -Dio.netty.selectorAutoRebuildThreshold: 512
08:34:51.921 [main] DEBUG io.netty.buffer.PooledByteBufAllocator - -Dio.netty.allocator.numHeapArenas: 16
08:34:51.921 [main] DEBUG io.netty.buffer.PooledByteBufAllocator - -Dio.netty.allocator.numDirectArenas: 16
08:34:51.921 [main] DEBUG io.netty.buffer.PooledByteBufAllocator - -Dio.netty.allocator.pageSize: 8192
08:34:51.921 [main] DEBUG io.netty.buffer.PooledByteBufAllocator - -Dio.netty.allocator.maxOrder: 9
08:34:51.922 [main] DEBUG io.netty.buffer.PooledByteBufAllocator - -Dio.netty.allocator.chunkSize: 4194304
08:34:51.922 [main] DEBUG io.netty.buffer.PooledByteBufAllocator - -Dio.netty.allocator.smallCacheSize: 256
08:34:51.922 [main] DEBUG io.netty.buffer.PooledByteBufAllocator - -Dio.netty.allocator.normalCacheSize: 64
08:34:51.922 [main] DEBUG io.netty.buffer.PooledByteBufAllocator - -Dio.netty.allocator.maxCachedBufferCapacity: 32768
08:34:51.922 [main] DEBUG io.netty.buffer.PooledByteBufAllocator - -Dio.netty.allocator.cacheTrimInterval: 8192
08:34:51.922 [main] DEBUG io.netty.buffer.PooledByteBufAllocator - -Dio.netty.allocator.cacheTrimIntervalMillis: 0
08:34:51.922 [main] DEBUG io.netty.buffer.PooledByteBufAllocator - -Dio.netty.allocator.useCacheForAllThreads: false
08:34:51.922 [main] DEBUG io.netty.buffer.PooledByteBufAllocator - -Dio.netty.allocator.maxCachedByteBuffersPerChunk: 1023
08:34:51.929 [main] DEBUG io.netty.buffer.ByteBufUtil - -Dio.netty.allocator.type: pooled
08:34:51.929 [main] DEBUG io.netty.buffer.ByteBufUtil - -Dio.netty.threadLocalDirectBufferSize: 0
08:34:51.929 [main] DEBUG io.netty.buffer.ByteBufUtil - -Dio.netty.maxThreadLocalCharBufferSize: 16384
08:34:52.107 [Forwarding newSession on session null to remote] DEBUG io.netty.channel.DefaultChannelId - -Dio.netty.processId: 135345 (auto-detected)
08:34:52.109 [Forwarding newSession on session null to remote] DEBUG io.netty.util.NetUtil - -Djava.net.preferIPv4Stack: false
08:34:52.109 [Forwarding newSession on session null to remote] DEBUG io.netty.util.NetUtil - -Djava.net.preferIPv6Addresses: false
08:34:52.110 [Forwarding newSession on session null to remote] DEBUG io.netty.util.NetUtilInitializations - Loopback interface: lo (lo, 0:0:0:0:0:0:0:1%lo)
08:34:52.111 [Forwarding newSession on session null to remote] DEBUG io.netty.util.NetUtil - /proc/sys/net/core/somaxconn: 4096
08:34:52.111 [Forwarding newSession on session null to remote] DEBUG io.netty.channel.DefaultChannelId - -Dio.netty.machineId: 00:93:37:ff:fe:b6:83:7a (auto-detected)
08:34:52.141 [AsyncHttpClient-1-2] DEBUG io.netty.buffer.AbstractByteBuf - -Dio.netty.buffer.checkAccessible: true
08:34:52.141 [AsyncHttpClient-1-2] DEBUG io.netty.buffer.AbstractByteBuf - -Dio.netty.buffer.checkBounds: true
08:34:52.141 [AsyncHttpClient-1-2] DEBUG io.netty.util.ResourceLeakDetectorFactory - Loaded default ResourceLeakDetector: io.netty.util.ResourceLeakDetector@d32be8d
08:34:52.156 [AsyncHttpClient-1-2] DEBUG io.netty.util.Recycler - -Dio.netty.recycler.maxCapacityPerThread: 4096
08:34:52.156 [AsyncHttpClient-1-2] DEBUG io.netty.util.Recycler - -Dio.netty.recycler.ratio: 8
08:34:52.157 [AsyncHttpClient-1-2] DEBUG io.netty.util.Recycler - -Dio.netty.recycler.chunkSize: 32
08:34:52.157 [AsyncHttpClient-1-2] DEBUG io.netty.util.Recycler - -Dio.netty.recycler.blocking: false
08:34:52.157 [AsyncHttpClient-1-2] DEBUG io.netty.util.Recycler - -Dio.netty.recycler.batchFastThreadLocalOnly: true
08:34:52.536 [AsyncHttpClient-1-2] DEBUG io.netty.handler.codec.compression.Brotli - brotli4j not in the classpath; Brotli support will be unavailable.
08:34:52.602 [main] DEBUG io.netty.util.internal.ThreadLocalRandom - -Dio.netty.initialSeedUniquifier: 0xedeaba59a1dd7370
08:34:56.378 [main] DEBUG testCase.TC_001_AccountRegistationTest - applications logs.....
08:34:56.378 [main] INFO  testCase.TC_001_AccountRegistationTest - ********Staring TC_001_AccountRegistationTest***********
08:34:56.455 [main] INFO  testCase.TC_001_AccountRegistationTest - click on My account link
08:34:57.130 [main] INFO  testCase.TC_001_AccountRegistationTest - click on My Registation link
08:34:57.131 [main] INFO  testCase.TC_001_AccountRegistationTest - Providing Customer Data
08:34:57.461 [main] INFO  testCase.TC_001_AccountRegistationTest - Clicked on continue
08:34:57.486 [main] INFO  testCase.TC_001_AccountRegistationTest - Validating expected message
08:34:57.487 [main] INFO  testCase.TC_001_AccountRegistationTest - ********Fineshed TC_001_AccountRegistationTest***********
08:34:59.517 [main] INFO  testCase.TC_002_LoginTest - ********Staring TC_002_LoginTestTest***********
08:34:59.575 [main] INFO  testCase.TC_002_LoginTest - clicked on my account
08:35:00.040 [main] INFO  testCase.TC_002_LoginTest - Provide Login Detials
08:35:00.214 [main] INFO  testCase.TC_002_LoginTest - Click on Login Button
11:59:00.866 [main] DEBUG io.netty.util.internal.logging.InternalLoggerFactory - Using Log4J2 as the default logging framework
11:59:00.877 [main] DEBUG io.netty.util.ResourceLeakDetector - -Dio.netty.leakDetection.level: simple
11:59:00.877 [main] DEBUG io.netty.util.ResourceLeakDetector - -Dio.netty.leakDetection.targetRecords: 4
11:59:00.880 [main] DEBUG io.netty.util.ResourceLeakDetectorFactory - Loaded default ResourceLeakDetector: io.netty.util.ResourceLeakDetector@2c30b71f
11:59:00.889 [main] DEBUG io.netty.util.internal.PlatformDependent0 - -Dio.netty.noUnsafe: false
11:59:00.889 [main] DEBUG io.netty.util.internal.PlatformDependent0 - Java version: 17
11:59:00.890 [main] DEBUG io.netty.util.internal.PlatformDependent0 - sun.misc.Unsafe.theUnsafe: available
11:59:00.890 [main] DEBUG io.netty.util.internal.PlatformDependent0 - sun.misc.Unsafe.copyMemory: available
11:59:00.891 [main] DEBUG io.netty.util.internal.PlatformDependent0 - sun.misc.Unsafe.storeFence: available
11:59:00.891 [main] DEBUG io.netty.util.internal.PlatformDependent0 - java.nio.Buffer.address: available
11:59:00.891 [main] DEBUG io.netty.util.internal.PlatformDependent0 - direct buffer constructor: unavailable: Reflective setAccessible(true) disabled
11:59:00.892 [main] DEBUG io.netty.util.internal.PlatformDependent0 - java.nio.Bits.unaligned: available, true
11:59:00.892 [main] DEBUG io.netty.util.internal.PlatformDependent0 - jdk.internal.misc.Unsafe.allocateUninitializedArray(int): unavailable: class io.netty.util.internal.PlatformDependent0$7 cannot access class jdk.internal.misc.Unsafe (in module java.base) because module java.base does not export jdk.internal.misc to unnamed module @2ba867a6
11:59:00.893 [main] DEBUG io.netty.util.internal.PlatformDependent0 - java.nio.DirectByteBuffer.<init>(long, {int,long}): unavailable
11:59:00.893 [main] DEBUG io.netty.util.internal.PlatformDependent - sun.misc.Unsafe: available
11:59:00.893 [main] DEBUG io.netty.util.internal.PlatformDependent - maxDirectMemory: 8338276352 bytes (maybe)
11:59:00.894 [main] DEBUG io.netty.util.internal.PlatformDependent - -Dio.netty.tmpdir: /tmp (java.io.tmpdir)
11:59:00.894 [main] DEBUG io.netty.util.internal.PlatformDependent - -Dio.netty.bitMode: 64 (sun.arch.data.model)
11:59:00.894 [main] DEBUG io.netty.util.internal.PlatformDependent - -Dio.netty.maxDirectMemory: -1 bytes
11:59:00.894 [main] DEBUG io.netty.util.internal.PlatformDependent - -Dio.netty.uninitializedArrayAllocationThreshold: -1
11:59:00.895 [main] DEBUG io.netty.util.internal.CleanerJava9 - java.nio.ByteBuffer.cleaner(): available
11:59:00.895 [main] DEBUG io.netty.util.internal.PlatformDependent - -Dio.netty.noPreferDirect: false
11:59:00.899 [main] DEBUG io.netty.util.internal.PlatformDependent - org.jctools-core.MpscChunkedArrayQueue: available
11:59:00.910 [main] DEBUG io.netty.util.internal.InternalThreadLocalMap - -Dio.netty.threadLocalMap.stringBuilder.initialSize: 1024
11:59:00.910 [main] DEBUG io.netty.util.internal.InternalThreadLocalMap - -Dio.netty.threadLocalMap.stringBuilder.maxSize: 4096
11:59:01.018 [main] DEBUG io.netty.handler.ssl.JdkSslContext - Default protocols (JDK): [TLSv1.3, TLSv1.2] 
11:59:01.018 [main] DEBUG io.netty.handler.ssl.JdkSslContext - Default cipher suites (JDK): [TLS_ECDHE_ECDSA_WITH_AES_256_GCM_SHA384, TLS_ECDHE_ECDSA_WITH_AES_128_GCM_SHA256, TLS_ECDHE_RSA_WITH_AES_128_GCM_SHA256, TLS_ECDHE_RSA_WITH_AES_256_GCM_SHA384, TLS_ECDHE_RSA_WITH_AES_128_CBC_SHA, TLS_ECDHE_RSA_WITH_AES_256_CBC_SHA, TLS_RSA_WITH_AES_128_GCM_SHA256, TLS_RSA_WITH_AES_128_CBC_SHA, TLS_RSA_WITH_AES_256_CBC_SHA, TLS_AES_128_GCM_SHA256, TLS_AES_256_GCM_SHA384]
11:59:01.024 [main] DEBUG io.netty.util.concurrent.GlobalEventExecutor - -Dio.netty.globalEventExecutor.quietPeriodSeconds: 1
11:59:01.029 [main] DEBUG io.netty.channel.MultithreadEventLoopGroup - -Dio.netty.eventLoopThreads: 16
11:59:01.034 [main] DEBUG io.netty.channel.nio.NioEventLoop - -Dio.netty.noKeySetOptimization: false
11:59:01.034 [main] DEBUG io.netty.channel.nio.NioEventLoop - -Dio.netty.selectorAutoRebuildThreshold: 512
11:59:01.046 [main] DEBUG io.netty.buffer.PooledByteBufAllocator - -Dio.netty.allocator.numHeapArenas: 16
11:59:01.046 [main] DEBUG io.netty.buffer.PooledByteBufAllocator - -Dio.netty.allocator.numDirectArenas: 16
11:59:01.046 [main] DEBUG io.netty.buffer.PooledByteBufAllocator - -Dio.netty.allocator.pageSize: 8192
11:59:01.046 [main] DEBUG io.netty.buffer.PooledByteBufAllocator - -Dio.netty.allocator.maxOrder: 9
11:59:01.046 [main] DEBUG io.netty.buffer.PooledByteBufAllocator - -Dio.netty.allocator.chunkSize: 4194304
11:59:01.046 [main] DEBUG io.netty.buffer.PooledByteBufAllocator - -Dio.netty.allocator.smallCacheSize: 256
11:59:01.046 [main] DEBUG io.netty.buffer.PooledByteBufAllocator - -Dio.netty.allocator.normalCacheSize: 64
11:59:01.046 [main] DEBUG io.netty.buffer.PooledByteBufAllocator - -Dio.netty.allocator.maxCachedBufferCapacity: 32768
11:59:01.046 [main] DEBUG io.netty.buffer.PooledByteBufAllocator - -Dio.netty.allocator.cacheTrimInterval: 8192
11:59:01.047 [main] DEBUG io.netty.buffer.PooledByteBufAllocator - -Dio.netty.allocator.cacheTrimIntervalMillis: 0
11:59:01.047 [main] DEBUG io.netty.buffer.PooledByteBufAllocator - -Dio.netty.allocator.useCacheForAllThreads: false
11:59:01.047 [main] DEBUG io.netty.buffer.PooledByteBufAllocator - -Dio.netty.allocator.maxCachedByteBuffersPerChunk: 1023
11:59:01.053 [main] DEBUG io.netty.buffer.ByteBufUtil - -Dio.netty.allocator.type: pooled
11:59:01.053 [main] DEBUG io.netty.buffer.ByteBufUtil - -Dio.netty.threadLocalDirectBufferSize: 0
11:59:01.053 [main] DEBUG io.netty.buffer.ByteBufUtil - -Dio.netty.maxThreadLocalCharBufferSize: 16384
11:59:01.200 [Forwarding newSession on session null to remote] DEBUG io.netty.channel.DefaultChannelId - -Dio.netty.processId: 42480 (auto-detected)
11:59:01.201 [Forwarding newSession on session null to remote] DEBUG io.netty.util.NetUtil - -Djava.net.preferIPv4Stack: false
11:59:01.202 [Forwarding newSession on session null to remote] DEBUG io.netty.util.NetUtil - -Djava.net.preferIPv6Addresses: false
11:59:01.203 [Forwarding newSession on session null to remote] DEBUG io.netty.util.NetUtilInitializations - Loopback interface: lo (lo, 0:0:0:0:0:0:0:1%lo)
11:59:01.203 [Forwarding newSession on session null to remote] DEBUG io.netty.util.NetUtil - /proc/sys/net/core/somaxconn: 4096
11:59:01.204 [Forwarding newSession on session null to remote] DEBUG io.netty.channel.DefaultChannelId - -Dio.netty.machineId: 00:93:37:ff:fe:b6:83:7a (auto-detected)
11:59:01.227 [AsyncHttpClient-1-2] DEBUG io.netty.buffer.AbstractByteBuf - -Dio.netty.buffer.checkAccessible: true
11:59:01.227 [AsyncHttpClient-1-2] DEBUG io.netty.buffer.AbstractByteBuf - -Dio.netty.buffer.checkBounds: true
11:59:01.227 [AsyncHttpClient-1-2] DEBUG io.netty.util.ResourceLeakDetectorFactory - Loaded default ResourceLeakDetector: io.netty.util.ResourceLeakDetector@44470ee4
11:59:01.242 [AsyncHttpClient-1-2] DEBUG io.netty.util.Recycler - -Dio.netty.recycler.maxCapacityPerThread: 4096
11:59:01.242 [AsyncHttpClient-1-2] DEBUG io.netty.util.Recycler - -Dio.netty.recycler.ratio: 8
11:59:01.243 [AsyncHttpClient-1-2] DEBUG io.netty.util.Recycler - -Dio.netty.recycler.chunkSize: 32
11:59:01.243 [AsyncHttpClient-1-2] DEBUG io.netty.util.Recycler - -Dio.netty.recycler.blocking: false
11:59:01.243 [AsyncHttpClient-1-2] DEBUG io.netty.util.Recycler - -Dio.netty.recycler.batchFastThreadLocalOnly: true
11:59:01.619 [AsyncHttpClient-1-2] DEBUG io.netty.handler.codec.compression.Brotli - brotli4j not in the classpath; Brotli support will be unavailable.
11:59:01.680 [main] DEBUG io.netty.util.internal.ThreadLocalRandom - -Dio.netty.initialSeedUniquifier: 0x63cf1ba2ceda6be6
11:59:03.878 [main] DEBUG testCase.TC_001_AccountRegistationTest - applications logs.....
11:59:03.878 [main] INFO  testCase.TC_001_AccountRegistationTest - ********Staring TC_001_AccountRegistationTest***********
11:59:03.946 [main] INFO  testCase.TC_001_AccountRegistationTest - click on My account link
11:59:04.997 [main] INFO  testCase.TC_001_AccountRegistationTest - click on My Registation link
11:59:04.999 [main] INFO  testCase.TC_001_AccountRegistationTest - Providing Customer Data
11:59:05.325 [main] INFO  testCase.TC_001_AccountRegistationTest - Clicked on continue
11:59:05.352 [main] INFO  testCase.TC_001_AccountRegistationTest - Validating expected message
11:59:05.353 [main] INFO  testCase.TC_001_AccountRegistationTest - ********Fineshed TC_001_AccountRegistationTest***********
12:01:32.064 [main] DEBUG io.netty.util.internal.logging.InternalLoggerFactory - Using Log4J2 as the default logging framework
12:01:32.071 [main] DEBUG io.netty.util.ResourceLeakDetector - -Dio.netty.leakDetection.level: simple
12:01:32.071 [main] DEBUG io.netty.util.ResourceLeakDetector - -Dio.netty.leakDetection.targetRecords: 4
12:01:32.076 [main] DEBUG io.netty.util.ResourceLeakDetectorFactory - Loaded default ResourceLeakDetector: io.netty.util.ResourceLeakDetector@6974a715
12:01:32.086 [main] DEBUG io.netty.util.internal.PlatformDependent0 - -Dio.netty.noUnsafe: false
12:01:32.086 [main] DEBUG io.netty.util.internal.PlatformDependent0 - Java version: 17
12:01:32.087 [main] DEBUG io.netty.util.internal.PlatformDependent0 - sun.misc.Unsafe.theUnsafe: available
12:01:32.087 [main] DEBUG io.netty.util.internal.PlatformDependent0 - sun.misc.Unsafe.copyMemory: available
12:01:32.088 [main] DEBUG io.netty.util.internal.PlatformDependent0 - sun.misc.Unsafe.storeFence: available
12:01:32.088 [main] DEBUG io.netty.util.internal.PlatformDependent0 - java.nio.Buffer.address: available
12:01:32.088 [main] DEBUG io.netty.util.internal.PlatformDependent0 - direct buffer constructor: unavailable: Reflective setAccessible(true) disabled
12:01:32.089 [main] DEBUG io.netty.util.internal.PlatformDependent0 - java.nio.Bits.unaligned: available, true
12:01:32.089 [main] DEBUG io.netty.util.internal.PlatformDependent0 - jdk.internal.misc.Unsafe.allocateUninitializedArray(int): unavailable: class io.netty.util.internal.PlatformDependent0$7 cannot access class jdk.internal.misc.Unsafe (in module java.base) because module java.base does not export jdk.internal.misc to unnamed module @2ba867a6
12:01:32.090 [main] DEBUG io.netty.util.internal.PlatformDependent0 - java.nio.DirectByteBuffer.<init>(long, {int,long}): unavailable
12:01:32.090 [main] DEBUG io.netty.util.internal.PlatformDependent - sun.misc.Unsafe: available
12:01:32.090 [main] DEBUG io.netty.util.internal.PlatformDependent - maxDirectMemory: 8338276352 bytes (maybe)
12:01:32.091 [main] DEBUG io.netty.util.internal.PlatformDependent - -Dio.netty.tmpdir: /tmp (java.io.tmpdir)
12:01:32.091 [main] DEBUG io.netty.util.internal.PlatformDependent - -Dio.netty.bitMode: 64 (sun.arch.data.model)
12:01:32.091 [main] DEBUG io.netty.util.internal.PlatformDependent - -Dio.netty.maxDirectMemory: -1 bytes
12:01:32.091 [main] DEBUG io.netty.util.internal.PlatformDependent - -Dio.netty.uninitializedArrayAllocationThreshold: -1
12:01:32.092 [main] DEBUG io.netty.util.internal.CleanerJava9 - java.nio.ByteBuffer.cleaner(): available
12:01:32.092 [main] DEBUG io.netty.util.internal.PlatformDependent - -Dio.netty.noPreferDirect: false
12:01:32.097 [main] DEBUG io.netty.util.internal.PlatformDependent - org.jctools-core.MpscChunkedArrayQueue: available
12:01:32.108 [main] DEBUG io.netty.util.internal.InternalThreadLocalMap - -Dio.netty.threadLocalMap.stringBuilder.initialSize: 1024
12:01:32.108 [main] DEBUG io.netty.util.internal.InternalThreadLocalMap - -Dio.netty.threadLocalMap.stringBuilder.maxSize: 4096
12:01:32.223 [main] DEBUG io.netty.handler.ssl.JdkSslContext - Default protocols (JDK): [TLSv1.3, TLSv1.2] 
12:01:32.223 [main] DEBUG io.netty.handler.ssl.JdkSslContext - Default cipher suites (JDK): [TLS_ECDHE_ECDSA_WITH_AES_256_GCM_SHA384, TLS_ECDHE_ECDSA_WITH_AES_128_GCM_SHA256, TLS_ECDHE_RSA_WITH_AES_128_GCM_SHA256, TLS_ECDHE_RSA_WITH_AES_256_GCM_SHA384, TLS_ECDHE_RSA_WITH_AES_128_CBC_SHA, TLS_ECDHE_RSA_WITH_AES_256_CBC_SHA, TLS_RSA_WITH_AES_128_GCM_SHA256, TLS_RSA_WITH_AES_128_CBC_SHA, TLS_RSA_WITH_AES_256_CBC_SHA, TLS_AES_128_GCM_SHA256, TLS_AES_256_GCM_SHA384]
12:01:32.229 [main] DEBUG io.netty.util.concurrent.GlobalEventExecutor - -Dio.netty.globalEventExecutor.quietPeriodSeconds: 1
12:01:32.234 [main] DEBUG io.netty.channel.MultithreadEventLoopGroup - -Dio.netty.eventLoopThreads: 16
12:01:32.240 [main] DEBUG io.netty.channel.nio.NioEventLoop - -Dio.netty.noKeySetOptimization: false
12:01:32.240 [main] DEBUG io.netty.channel.nio.NioEventLoop - -Dio.netty.selectorAutoRebuildThreshold: 512
12:01:32.256 [main] DEBUG io.netty.buffer.PooledByteBufAllocator - -Dio.netty.allocator.numHeapArenas: 16
12:01:32.256 [main] DEBUG io.netty.buffer.PooledByteBufAllocator - -Dio.netty.allocator.numDirectArenas: 16
12:01:32.256 [main] DEBUG io.netty.buffer.PooledByteBufAllocator - -Dio.netty.allocator.pageSize: 8192
12:01:32.256 [main] DEBUG io.netty.buffer.PooledByteBufAllocator - -Dio.netty.allocator.maxOrder: 9
12:01:32.256 [main] DEBUG io.netty.buffer.PooledByteBufAllocator - -Dio.netty.allocator.chunkSize: 4194304
12:01:32.256 [main] DEBUG io.netty.buffer.PooledByteBufAllocator - -Dio.netty.allocator.smallCacheSize: 256
12:01:32.257 [main] DEBUG io.netty.buffer.PooledByteBufAllocator - -Dio.netty.allocator.normalCacheSize: 64
12:01:32.257 [main] DEBUG io.netty.buffer.PooledByteBufAllocator - -Dio.netty.allocator.maxCachedBufferCapacity: 32768
12:01:32.257 [main] DEBUG io.netty.buffer.PooledByteBufAllocator - -Dio.netty.allocator.cacheTrimInterval: 8192
12:01:32.257 [main] DEBUG io.netty.buffer.PooledByteBufAllocator - -Dio.netty.allocator.cacheTrimIntervalMillis: 0
12:01:32.257 [main] DEBUG io.netty.buffer.PooledByteBufAllocator - -Dio.netty.allocator.useCacheForAllThreads: false
12:01:32.257 [main] DEBUG io.netty.buffer.PooledByteBufAllocator - -Dio.netty.allocator.maxCachedByteBuffersPerChunk: 1023
12:01:32.265 [main] DEBUG io.netty.buffer.ByteBufUtil - -Dio.netty.allocator.type: pooled
12:01:32.265 [main] DEBUG io.netty.buffer.ByteBufUtil - -Dio.netty.threadLocalDirectBufferSize: 0
12:01:32.265 [main] DEBUG io.netty.buffer.ByteBufUtil - -Dio.netty.maxThreadLocalCharBufferSize: 16384
12:01:32.423 [Forwarding newSession on session null to remote] DEBUG io.netty.channel.DefaultChannelId - -Dio.netty.processId: 42918 (auto-detected)
12:01:32.424 [Forwarding newSession on session null to remote] DEBUG io.netty.util.NetUtil - -Djava.net.preferIPv4Stack: false
12:01:32.424 [Forwarding newSession on session null to remote] DEBUG io.netty.util.NetUtil - -Djava.net.preferIPv6Addresses: false
12:01:32.425 [Forwarding newSession on session null to remote] DEBUG io.netty.util.NetUtilInitializations - Loopback interface: lo (lo, 0:0:0:0:0:0:0:1%lo)
12:01:32.426 [Forwarding newSession on session null to remote] DEBUG io.netty.util.NetUtil - /proc/sys/net/core/somaxconn: 4096
12:01:32.426 [Forwarding newSession on session null to remote] DEBUG io.netty.channel.DefaultChannelId - -Dio.netty.machineId: 00:93:37:ff:fe:b6:83:7a (auto-detected)
12:01:32.452 [AsyncHttpClient-1-2] DEBUG io.netty.buffer.AbstractByteBuf - -Dio.netty.buffer.checkAccessible: true
12:01:32.453 [AsyncHttpClient-1-2] DEBUG io.netty.buffer.AbstractByteBuf - -Dio.netty.buffer.checkBounds: true
12:01:32.453 [AsyncHttpClient-1-2] DEBUG io.netty.util.ResourceLeakDetectorFactory - Loaded default ResourceLeakDetector: io.netty.util.ResourceLeakDetector@24481cdd
12:01:32.466 [AsyncHttpClient-1-2] DEBUG io.netty.util.Recycler - -Dio.netty.recycler.maxCapacityPerThread: 4096
12:01:32.466 [AsyncHttpClient-1-2] DEBUG io.netty.util.Recycler - -Dio.netty.recycler.ratio: 8
12:01:32.466 [AsyncHttpClient-1-2] DEBUG io.netty.util.Recycler - -Dio.netty.recycler.chunkSize: 32
12:01:32.466 [AsyncHttpClient-1-2] DEBUG io.netty.util.Recycler - -Dio.netty.recycler.blocking: false
12:01:32.466 [AsyncHttpClient-1-2] DEBUG io.netty.util.Recycler - -Dio.netty.recycler.batchFastThreadLocalOnly: true
12:01:32.818 [AsyncHttpClient-1-2] DEBUG io.netty.handler.codec.compression.Brotli - brotli4j not in the classpath; Brotli support will be unavailable.
12:01:32.888 [main] DEBUG io.netty.util.internal.ThreadLocalRandom - -Dio.netty.initialSeedUniquifier: 0x692ce0554ec5df29
